<?xml version="1.0" encoding="UTF-8"?>
<!-- Generated by org.testng.reporters.JUnitReportReporter -->
<testsuite hostname="LAPTOP-61688P6H" failures="0" tests="1" name="com.sdet.TC_login" time="9.894" errors="0" timestamp="2022-05-25T11:49:34 IST" skipped="0">
  <testcase classname="com.sdet.TC_login" name="login_Test" time="9.894"/>
  <system-out/>
</testsuite> <!-- com.sdet.TC_login -->
