<?xml version="1.0" encoding="UTF-8"?>
<!-- Generated by org.testng.reporters.JUnitReportReporter -->
<testsuite hostname="LAPTOP-61688P6H" failures="0" tests="2" name="com.sdet.AppTest" time="0.004" errors="0" timestamp="2022-05-23T13:18:05 IST" skipped="0">
  <testcase classname="com.sdet.AppTest" name="testlogin1" time="0.004"/>
  <system-out/>
  <testcase classname="com.sdet.AppTest" name="testlogin2" time="0.000"/>
  <system-out/>
</testsuite> <!-- com.sdet.AppTest -->
