<?xml version="1.0" encoding="UTF-8"?>
<!-- Generated by org.testng.reporters.JUnitReportReporter -->
<testsuite skipped="0" hostname="LAPTOP-61688P6H" name="com.sdet.TC_login" tests="1" failures="0" timestamp="2022-05-25T12:12:30 IST" time="18.544" errors="0">
  <testcase name="login_Test" time="18.544" classname="com.sdet.TC_login"/>
  <system-out/>
</testsuite> <!-- com.sdet.TC_login -->
