<?xml version="1.0" encoding="UTF-8"?>
<!-- Generated by org.testng.reporters.JUnitReportReporter -->
<testsuite skipped="0" hostname="LAPTOP-61688P6H" name="com.sdet.AppTest" tests="2" failures="0" timestamp="2022-05-25T12:12:30 IST" time="0.008" errors="0">
  <testcase name="testlogin1" time="0.008" classname="com.sdet.AppTest"/>
  <system-out/>
  <testcase name="testlogin2" time="0.000" classname="com.sdet.AppTest"/>
  <system-out/>
</testsuite> <!-- com.sdet.AppTest -->
